<?xml version="1.0" encoding="UTF-8"?>
<!-- Generated by org.testng.reporters.JUnitXMLReporter -->
<testsuite hostname="AnKusH" name="SanityTest" tests="6" failures="3" timestamp="20 Jul 2019 12:13:34 GMT" time="18.512" errors="0">
  <testcase name="verifyFacebook" time="4.314" classname="TestNGPractice.UseofMethods"/>
  <testcase name="verifyOrangeHRM" time="5.084" classname="TestNGPractice.UseofMethods"/>
  <testcase name="verifySBI" time="3.51" classname="TestNGPractice.UseofMethods"/>
  <testcase name="verifyFacebook" time="0.001" classname="TestNGPractice.TestUsingXML">
    <failure type="java.lang.NullPointerException">
      <![CDATA[java.lang.NullPointerException
	at TestNGPractice.TestUsingXML.verifyFacebook(TestUsingXML.java:16)
... Removed 24 stack frames]]>
    </failure>
  </testcase> <!-- verifyFacebook -->
  <testcase name="verifyOrangeHRM" time="0.001" classname="TestNGPractice.TestUsingXML">
    <failure type="java.lang.NullPointerException">
      <![CDATA[java.lang.NullPointerException
	at TestNGPractice.TestUsingXML.verifyOrangeHRM(TestUsingXML.java:24)
... Removed 24 stack frames]]>
    </failure>
  </testcase> <!-- verifyOrangeHRM -->
  <testcase name="verifySBI" time="0.001" classname="TestNGPractice.TestUsingXML">
    <failure type="java.lang.NullPointerException">
      <![CDATA[java.lang.NullPointerException
	at TestNGPractice.TestUsingXML.verifySBI(TestUsingXML.java:32)
... Removed 24 stack frames]]>
    </failure>
  </testcase> <!-- verifySBI -->
</testsuite> <!-- SanityTest -->
