<?xml version="1.0" encoding="UTF-8"?>
<!-- Generated by org.testng.reporters.JUnitXMLReporter -->
<testsuite hostname="AnKusH" name="Smoke Tests" tests="6" failures="0" timestamp="21 Dec 2019 08:56:27 GMT" time="0.078" errors="0">
  <testcase name="searchItem" time="0.0" classname="TestNGTestCases.TC_07"/>
  <testcase name="selectItem" time="0.0" classname="TestNGTestCases.TC_07"/>
  <testcase name="makePayment" time="0.0" classname="TestNGTestCases.TC_07"/>
  <testcase name="search" time="0.0" classname="TestNGTestCases.TC_08"/>
  <testcase name="wishlist" time="0.0" classname="TestNGTestCases.TC_08"/>
  <testcase name="remove" time="0.0" classname="TestNGTestCases.TC_08"/>
</testsuite> <!-- Smoke Tests -->
