<?xml version="1.0" encoding="UTF-8"?>
<testng-results skipped="0" failed="0" total="2" passed="2">
  <reporter-output>
  </reporter-output>
  <suite name="Suite" duration-ms="69" started-at="2019-12-26T04:17:25Z" finished-at="2019-12-26T04:17:25Z">
    <groups>
    </groups>
    <test name="ChromeTest" duration-ms="69" started-at="2019-12-26T04:17:25Z" finished-at="2019-12-26T04:17:25Z">
      <class name="com.qa.tests.Login">
        <test-method status="PASS" signature="login()[pri:0, instance:com.qa.tests.Login@3e6fa38a]" name="login" duration-ms="22" started-at="2019-12-26T09:47:25Z" finished-at="2019-12-26T09:47:25Z">
          <reporter-output>
          </reporter-output>
        </test-method> <!-- login -->
        <test-method status="PASS" signature="login1()[pri:0, instance:com.qa.tests.Login@3e6fa38a]" name="login1" duration-ms="16" started-at="2019-12-26T09:47:25Z" finished-at="2019-12-26T09:47:25Z">
          <reporter-output>
          </reporter-output>
        </test-method> <!-- login1 -->
      </class> <!-- com.qa.tests.Login -->
    </test> <!-- ChromeTest -->
  </suite> <!-- Suite -->
</testng-results>
