<?xml version="1.0" encoding="UTF-8"?>
<testng-results skipped="0" failed="0" total="3" passed="3">
  <reporter-output>
  </reporter-output>
  <suite name="Suite" duration-ms="19928" started-at="2020-01-03T11:00:25Z" finished-at="2020-01-03T11:00:45Z">
    <groups>
    </groups>
    <test name="IETest" duration-ms="5477" started-at="2020-01-03T11:00:25Z" finished-at="2020-01-03T11:00:30Z">
      <class name="OrangeHRM.CrossBrowser_Test">
        <test-method status="PASS" signature="verifyTitle(java.lang.String)[pri:0, instance:OrangeHRM.CrossBrowser_Test@4501b7af]" name="verifyTitle" duration-ms="5455" started-at="2020-01-03T16:30:25Z" finished-at="2020-01-03T16:30:30Z">
          <params>
            <param index="0">
              <value>
                <![CDATA[IE]]>
              </value>
            </param>
          </params>
          <reporter-output>
          </reporter-output>
        </test-method> <!-- verifyTitle -->
      </class> <!-- OrangeHRM.CrossBrowser_Test -->
    </test> <!-- IETest -->
    <test name="FirefoxTest" duration-ms="18961" started-at="2020-01-03T11:00:25Z" finished-at="2020-01-03T11:00:44Z">
      <class name="OrangeHRM.CrossBrowser_Test">
        <test-method status="PASS" signature="verifyTitle(java.lang.String)[pri:0, instance:OrangeHRM.CrossBrowser_Test@4c70fda8]" name="verifyTitle" duration-ms="18943" started-at="2020-01-03T16:30:25Z" finished-at="2020-01-03T16:30:44Z">
          <params>
            <param index="0">
              <value>
                <![CDATA[Firefox]]>
              </value>
            </param>
          </params>
          <reporter-output>
          </reporter-output>
        </test-method> <!-- verifyTitle -->
      </class> <!-- OrangeHRM.CrossBrowser_Test -->
    </test> <!-- FirefoxTest -->
    <test name="ChromeTest" duration-ms="19928" started-at="2020-01-03T11:00:25Z" finished-at="2020-01-03T11:00:45Z">
      <class name="OrangeHRM.CrossBrowser_Test">
        <test-method status="PASS" signature="verifyTitle(java.lang.String)[pri:0, instance:OrangeHRM.CrossBrowser_Test@2a5ca609]" name="verifyTitle" duration-ms="19909" started-at="2020-01-03T16:30:25Z" finished-at="2020-01-03T16:30:45Z">
          <params>
            <param index="0">
              <value>
                <![CDATA[Chrome]]>
              </value>
            </param>
          </params>
          <reporter-output>
          </reporter-output>
        </test-method> <!-- verifyTitle -->
      </class> <!-- OrangeHRM.CrossBrowser_Test -->
    </test> <!-- ChromeTest -->
  </suite> <!-- Suite -->
</testng-results>
