<?xml version="1.0" encoding="UTF-8"?>
<testng-results skipped="0" failed="0" total="2" passed="2">
  <reporter-output>
  </reporter-output>
  <suite name="Default suite" duration-ms="45583" started-at="2019-09-30T10:40:38Z" finished-at="2019-09-30T10:41:23Z">
    <groups>
    </groups>
    <test name="Default test" duration-ms="45583" started-at="2019-09-30T10:40:38Z" finished-at="2019-09-30T10:41:23Z">
      <class name="com.crm.qa.testcases.LoginPageTest">
        <test-method status="PASS" signature="setUp()[pri:0, instance:com.crm.qa.testcases.LoginPageTest@546a03af]" name="setUp" is-config="true" duration-ms="20673" started-at="2019-09-30T16:10:38Z" finished-at="2019-09-30T16:10:58Z">
          <reporter-output>
          </reporter-output>
        </test-method> <!-- setUp -->
        <test-method status="PASS" signature="loginPageTitleTest()[pri:0, instance:com.crm.qa.testcases.LoginPageTest@546a03af]" name="loginPageTitleTest" duration-ms="23" started-at="2019-09-30T16:10:58Z" finished-at="2019-09-30T16:10:58Z">
          <reporter-output>
          </reporter-output>
        </test-method> <!-- loginPageTitleTest -->
        <test-method status="PASS" signature="tearDown()[pri:0, instance:com.crm.qa.testcases.LoginPageTest@546a03af]" name="tearDown" is-config="true" duration-ms="147" started-at="2019-09-30T16:10:58Z" finished-at="2019-09-30T16:10:58Z">
          <reporter-output>
          </reporter-output>
        </test-method> <!-- tearDown -->
        <test-method status="PASS" signature="setUp()[pri:0, instance:com.crm.qa.testcases.LoginPageTest@546a03af]" name="setUp" is-config="true" duration-ms="20900" started-at="2019-09-30T16:10:58Z" finished-at="2019-09-30T16:11:19Z">
          <reporter-output>
          </reporter-output>
        </test-method> <!-- setUp -->
        <test-method status="PASS" signature="loginTest()[pri:0, instance:com.crm.qa.testcases.LoginPageTest@546a03af]" name="loginTest" duration-ms="3548" started-at="2019-09-30T16:11:19Z" finished-at="2019-09-30T16:11:23Z">
          <reporter-output>
          </reporter-output>
        </test-method> <!-- loginTest -->
        <test-method status="PASS" signature="tearDown()[pri:0, instance:com.crm.qa.testcases.LoginPageTest@546a03af]" name="tearDown" is-config="true" duration-ms="272" started-at="2019-09-30T16:11:23Z" finished-at="2019-09-30T16:11:23Z">
          <reporter-output>
          </reporter-output>
        </test-method> <!-- tearDown -->
      </class> <!-- com.crm.qa.testcases.LoginPageTest -->
    </test> <!-- Default test -->
  </suite> <!-- Default suite -->
</testng-results>
