<?xml version="1.0" encoding="UTF-8"?>
<!-- Generated by org.testng.reporters.JUnitXMLReporter -->
<testsuite hostname="AnKusH" name="FirefoxTest" tests="1" failures="0" timestamp="4 Oct 2019 10:37:52 GMT" time="0.032" errors="0">
  <testcase name="@BeforeMethod setUp" time="0.0" classname="com.qa.tests.TestNG_CrossBrowser">
    <failure type="java.lang.IllegalStateException" message="The path to the driver executable must be set by the webdriver.gecko.driver system property; for more information, see https://github.com/mozilla/geckodriver. The latest version can be downloaded from https://github.com/mozilla/geckodriver/releases">
      <![CDATA[java.lang.IllegalStateException: The path to the driver executable must be set by the webdriver.gecko.driver system property; for more information, see https://github.com/mozilla/geckodriver. The latest version can be downloaded from https://github.com/mozilla/geckodriver/releases
	at com.google.common.base.Preconditions.checkState(Preconditions.java:847)
	at org.openqa.selenium.remote.service.DriverService.findExecutable(DriverService.java:134)
	at org.openqa.selenium.firefox.GeckoDriverService.access$100(GeckoDriverService.java:44)
	at org.openqa.selenium.firefox.GeckoDriverService$Builder.findDefaultExecutable(GeckoDriverService.java:167)
	at org.openqa.selenium.remote.service.DriverService$Builder.build(DriverService.java:355)
	at org.openqa.selenium.firefox.FirefoxDriver.toExecutor(FirefoxDriver.java:190)
	at org.openqa.selenium.firefox.FirefoxDriver.<init>(FirefoxDriver.java:147)
	at org.openqa.selenium.firefox.FirefoxDriver.<init>(FirefoxDriver.java:125)
	at com.qa.tests.TestNG_CrossBrowser.setUp(TestNG_CrossBrowser.java:32)
... Removed 26 stack frames]]>
    </failure>
  </testcase> <!-- @BeforeMethod setUp -->
  <testcase name="@AfterMethod closeBrowser" time="0.0" classname="com.qa.tests.TestNG_CrossBrowser">
    <skipped/>
  </testcase> <!-- @AfterMethod closeBrowser -->
  <testcase name="setBrowser" time="0.0" classname="com.qa.tests.TestNG_CrossBrowser">
    <skipped/>
  </testcase> <!-- setBrowser -->
</testsuite> <!-- FirefoxTest -->
