<?xml version="1.0" encoding="UTF-8"?>
<testng-results skipped="0" failed="0" total="0" passed="0">
  <reporter-output>
  </reporter-output>
  <suite name="Failed suite [Default suite]" duration-ms="150" started-at="2020-06-17T11:41:01Z" finished-at="2020-06-17T11:41:01Z">
    <groups>
    </groups>
    <test name="Default test" duration-ms="15" started-at="2020-06-17T11:41:01Z" finished-at="2020-06-17T11:41:01Z">
    </test> <!-- Default test -->
    <test name="Default test(failed)" duration-ms="0" started-at="2020-06-17T11:41:01Z" finished-at="2020-06-17T11:41:01Z">
    </test> <!-- Default test(failed) -->
  </suite> <!-- Failed suite [Default suite] -->
</testng-results>
