<?xml version="1.0" encoding="UTF-8"?>
<!-- Generated by org.testng.reporters.JUnitXMLReporter -->
<testsuite hostname="AnKusH" name="FreeCRM APP Test cases" tests="7" failures="0" timestamp="21 Sep 2019 09:46:45 GMT" time="199.391" errors="0">
  <testcase name="verifyContactsLabel" time="0.124" classname="com.crm.qa.testcases.ContactsPageTest"/>
  <testcase name="verifyHomePageTitleTest" time="0.012" classname="com.crm.qa.testcases.HomePageTest"/>
  <testcase name="verifyUser" time="2.307" classname="com.crm.qa.testcases.HomePageTest"/>
  <testcase name="verifyContactsLink" time="2.699" classname="com.crm.qa.testcases.HomePageTest"/>
  <testcase name="verifyDealsPageLink" time="2.717" classname="com.crm.qa.testcases.HomePageTest"/>
  <testcase name="loginPageTitleTest" time="0.026" classname="com.crm.qa.testcases.LoginPageTest"/>
  <testcase name="loginTest" time="3.675" classname="com.crm.qa.testcases.LoginPageTest"/>
</testsuite> <!-- FreeCRM APP Test cases -->
